[Mon Mar 26 15:05:13 2012] [notice] Digest: generating secret for digest authentication ...
[Mon Mar 26 15:05:13 2012] [notice] Digest: done
[Mon Mar 26 15:05:15 2012] [notice] Apache/2.2.14 (Win32) DAV/2 mod_ssl/2.2.14 OpenSSL/0.9.8l mod_autoindex_color PHP/5.3.1 configured -- resuming normal operations
[Mon Mar 26 15:05:15 2012] [notice] Server built: Nov 11 2009 14:29:03
[Mon Mar 26 15:05:17 2012] [notice] Parent: Created child process 5784
[Mon Mar 26 15:05:22 2012] [notice] Digest: generating secret for digest authentication ...
[Mon Mar 26 15:05:22 2012] [notice] Digest: done
[Mon Mar 26 15:05:24 2012] [notice] Child 5784: Child process is running
[Mon Mar 26 15:05:24 2012] [notice] Child 5784: Acquired the start mutex.
[Mon Mar 26 15:05:24 2012] [notice] Child 5784: Starting 150 worker threads.
[Mon Mar 26 15:05:24 2012] [notice] Child 5784: Starting thread to listen on port 80.
[Mon Mar 26 15:05:24 2012] [notice] Child 5784: Starting thread to listen on port 443.
[Mon Mar 26 15:05:24 2012] [notice] Child 5784: Starting thread to listen on port 80.
[Mon Mar 26 15:05:24 2012] [notice] Child 5784: Starting thread to listen on port 443.
[Mon Mar 26 15:05:45 2012] [notice] Parent: Received shutdown signal -- Shutting down the server.
[Mon Mar 26 15:05:45 2012] [notice] Child 5784: Exit event signaled. Child process is ending.
[Mon Mar 26 15:05:46 2012] [notice] Child 5784: Released the start mutex
[Mon Mar 26 15:05:47 2012] [notice] Child 5784: All worker threads have exited.
[Mon Mar 26 15:05:47 2012] [notice] Child 5784: Child process is exiting
[Mon Mar 26 15:05:47 2012] [notice] Parent: Child process exited successfully.
[Fri May 10 09:11:05 2013] [notice] Digest: generating secret for digest authentication ...
[Fri May 10 09:11:05 2013] [notice] Digest: done
[Fri May 10 09:11:09 2013] [notice] Apache/2.2.14 (Win32) DAV/2 mod_ssl/2.2.14 OpenSSL/0.9.8l mod_autoindex_color PHP/5.3.1 configured -- resuming normal operations
[Fri May 10 09:11:09 2013] [notice] Server built: Nov 11 2009 14:29:03
[Fri May 10 09:11:09 2013] [notice] Parent: Created child process 4092
[Fri May 10 09:11:17 2013] [notice] Digest: generating secret for digest authentication ...
[Fri May 10 09:11:17 2013] [notice] Digest: done
[Fri May 10 09:11:20 2013] [notice] Child 4092: Child process is running
[Fri May 10 09:11:20 2013] [notice] Child 4092: Acquired the start mutex.
[Fri May 10 09:11:20 2013] [notice] Child 4092: Starting 150 worker threads.
[Fri May 10 09:11:20 2013] [notice] Child 4092: Starting thread to listen on port 443.
[Fri May 10 09:11:20 2013] [notice] Child 4092: Starting thread to listen on port 80.
[Fri May 10 09:11:21 2013] [error] [client 127.0.0.1] File does not exist: E:/xampplite/htdocs/favicon.ico
[Fri May 10 09:15:31 2013] [notice] Parent: Received shutdown signal -- Shutting down the server.
[Fri May 10 09:15:31 2013] [notice] Child 4092: Exit event signaled. Child process is ending.
[Fri May 10 09:15:32 2013] [notice] Child 4092: Released the start mutex
[Fri May 10 09:15:33 2013] [notice] Child 4092: All worker threads have exited.
[Fri May 10 09:15:33 2013] [notice] Child 4092: Child process is exiting
[Fri May 10 09:15:34 2013] [notice] Parent: Child process exited successfully.
[Fri May 10 09:18:48 2013] [notice] Digest: generating secret for digest authentication ...
[Fri May 10 09:18:48 2013] [notice] Digest: done
[Fri May 10 09:18:53 2013] [notice] Apache/2.2.14 (Win32) DAV/2 mod_ssl/2.2.14 OpenSSL/0.9.8l mod_autoindex_color PHP/5.3.1 configured -- resuming normal operations
[Fri May 10 09:18:53 2013] [notice] Server built: Nov 11 2009 14:29:03
[Fri May 10 09:18:53 2013] [notice] Parent: Created child process 2108
[Fri May 10 09:19:01 2013] [notice] Digest: generating secret for digest authentication ...
[Fri May 10 09:19:01 2013] [notice] Digest: done
[Fri May 10 09:19:03 2013] [notice] Child 2108: Child process is running
[Fri May 10 09:19:03 2013] [notice] Child 2108: Acquired the start mutex.
[Fri May 10 09:19:03 2013] [notice] Child 2108: Starting 150 worker threads.
[Fri May 10 09:19:03 2013] [notice] Child 2108: Starting thread to listen on port 443.
[Fri May 10 09:19:03 2013] [notice] Child 2108: Starting thread to listen on port 80.
[Fri May 10 09:19:18 2013] [error] [client 127.0.0.1] File does not exist: E:/xampplite/htdocs/Webtech, referer: http://localhost/Webtech/
[Fri May 10 09:38:54 2013] [notice] Parent: Received shutdown signal -- Shutting down the server.
[Fri May 10 09:38:54 2013] [notice] Child 2108: Exit event signaled. Child process is ending.
[Fri May 10 09:38:55 2013] [notice] Child 2108: Released the start mutex
[Fri May 10 09:38:56 2013] [notice] Child 2108: All worker threads have exited.
[Fri May 10 09:38:57 2013] [notice] Child 2108: Child process is exiting
[Fri May 10 09:38:57 2013] [notice] Parent: Child process exited successfully.
[Fri May 10 09:39:13 2013] [notice] Digest: generating secret for digest authentication ...
[Fri May 10 09:39:13 2013] [notice] Digest: done
[Fri May 10 09:39:17 2013] [notice] Apache/2.2.14 (Win32) DAV/2 mod_ssl/2.2.14 OpenSSL/0.9.8l mod_autoindex_color PHP/5.3.1 configured -- resuming normal operations
[Fri May 10 09:39:17 2013] [notice] Server built: Nov 11 2009 14:29:03
[Fri May 10 09:39:17 2013] [notice] Parent: Created child process 680
[Fri May 10 09:39:25 2013] [notice] Digest: generating secret for digest authentication ...
[Fri May 10 09:39:25 2013] [notice] Digest: done
[Fri May 10 09:39:27 2013] [notice] Child 680: Child process is running
[Fri May 10 09:39:27 2013] [notice] Child 680: Acquired the start mutex.
[Fri May 10 09:39:27 2013] [notice] Child 680: Starting 150 worker threads.
[Fri May 10 09:39:27 2013] [notice] Child 680: Starting thread to listen on port 80.
[Fri May 10 09:39:27 2013] [notice] Child 680: Starting thread to listen on port 443.
[Fri May 10 09:39:28 2013] [error] [client 127.0.0.1] File does not exist: E:/xampplite/htdocs/favicon.ico
[Fri May 10 09:39:34 2013] [error] [client 127.0.0.1] File does not exist: E:/xampplite/htdocs/favicon.ico
[Fri May 10 09:39:35 2013] [error] [client 127.0.0.1] File does not exist: E:/xampplite/htdocs/favicon.ico
[Fri May 10 09:39:40 2013] [error] [client 127.0.0.1] File does not exist: E:/xampplite/htdocs/favicon.ico
[Fri May 10 09:39:41 2013] [error] [client 127.0.0.1] File does not exist: E:/xampplite/htdocs/favicon.ico
[Fri May 10 09:39:43 2013] [error] [client 127.0.0.1] File does not exist: E:/xampplite/htdocs/favicon.ico
[Fri May 10 09:39:48 2013] [error] [client 127.0.0.1] File does not exist: E:/xampplite/htdocs/favicon.ico
[Fri May 10 09:39:51 2013] [error] [client 127.0.0.1] File does not exist: E:/xampplite/htdocs/favicon.ico
[Fri May 10 09:39:52 2013] [error] [client 127.0.0.1] File does not exist: E:/xampplite/htdocs/favicon.ico
[Fri May 10 09:40:28 2013] [error] [client 127.0.0.1] File does not exist: E:/xampplite/htdocs/favicon.ico
[Fri May 10 09:40:35 2013] [error] [client 127.0.0.1] File does not exist: E:/xampplite/htdocs/favicon.ico
[Fri May 10 09:43:41 2013] [error] [client 127.0.0.1] File does not exist: E:/xampplite/htdocs/favicon.ico
[Fri May 10 09:54:30 2013] [notice] Parent: Received shutdown signal -- Shutting down the server.
[Fri May 10 09:54:30 2013] [notice] Child 680: Exit event signaled. Child process is ending.
[Fri May 10 09:54:31 2013] [notice] Child 680: Released the start mutex
[Fri May 10 09:54:32 2013] [notice] Child 680: All worker threads have exited.
[Fri May 10 09:54:32 2013] [notice] Child 680: Child process is exiting
[Fri May 10 09:54:32 2013] [notice] Parent: Child process exited successfully.
httpd.exe: Syntax error on line 35 of C:/PHP Projects/xampplite/apache/conf/httpd.conf: ServerRoot must be a valid directory
httpd.exe: Syntax error on line 35 of C:/PHP Projects/xampplite/apache/conf/httpd.conf: ServerRoot must be a valid directory
[Wed Jan 25 16:17:29 2017] [notice] Digest: generating secret for digest authentication ...
[Wed Jan 25 16:17:29 2017] [notice] Digest: done
[Wed Jan 25 16:17:30 2017] [notice] Apache/2.2.14 (Win32) DAV/2 mod_ssl/2.2.14 OpenSSL/0.9.8l mod_autoindex_color PHP/5.3.1 configured -- resuming normal operations
[Wed Jan 25 16:17:30 2017] [notice] Server built: Nov 11 2009 14:29:03
[Wed Jan 25 16:17:30 2017] [notice] Parent: Created child process 7852
[Wed Jan 25 16:17:30 2017] [notice] Digest: generating secret for digest authentication ...
[Wed Jan 25 16:17:30 2017] [notice] Digest: done
[Wed Jan 25 16:17:30 2017] [notice] Child 7852: Child process is running
[Wed Jan 25 16:17:30 2017] [notice] Child 7852: Acquired the start mutex.
[Wed Jan 25 16:17:30 2017] [notice] Child 7852: Starting 150 worker threads.
[Wed Jan 25 16:17:30 2017] [notice] Child 7852: Starting thread to listen on port 443.
[Wed Jan 25 16:17:30 2017] [notice] Child 7852: Starting thread to listen on port 443.
[Wed Jan 25 16:17:30 2017] [notice] Child 7852: Starting thread to listen on port 80.
[Wed Jan 25 16:17:30 2017] [notice] Child 7852: Starting thread to listen on port 80.
[Wed Jan 25 16:17:48 2017] [error] [client ::1] File does not exist: C:/PHP Projects/xampplite/htdocs/favicon.ico, referer: http://localhost/Webtech/
[Wed Jan 25 16:20:15 2017] [notice] Parent: Received shutdown signal -- Shutting down the server.
[Wed Jan 25 16:20:15 2017] [notice] Child 7852: Exit event signaled. Child process is ending.
[Wed Jan 25 16:20:16 2017] [notice] Child 7852: Released the start mutex
[Wed Jan 25 16:20:17 2017] [notice] Child 7852: All worker threads have exited.
[Wed Jan 25 16:20:17 2017] [notice] Child 7852: Child process is exiting
[Wed Jan 25 16:20:17 2017] [notice] Parent: Child process exited successfully.
[Wed Jan 25 16:26:59 2017] [notice] Digest: generating secret for digest authentication ...
[Wed Jan 25 16:26:59 2017] [notice] Digest: done
[Wed Jan 25 16:26:59 2017] [notice] Apache/2.2.14 (Win32) DAV/2 mod_ssl/2.2.14 OpenSSL/0.9.8l mod_autoindex_color PHP/5.3.1 configured -- resuming normal operations
[Wed Jan 25 16:26:59 2017] [notice] Server built: Nov 11 2009 14:29:03
[Wed Jan 25 16:26:59 2017] [notice] Parent: Created child process 9240
[Wed Jan 25 16:27:00 2017] [notice] Digest: generating secret for digest authentication ...
[Wed Jan 25 16:27:00 2017] [notice] Digest: done
[Wed Jan 25 16:27:00 2017] [notice] Child 9240: Child process is running
[Wed Jan 25 16:27:00 2017] [notice] Child 9240: Acquired the start mutex.
[Wed Jan 25 16:27:00 2017] [notice] Child 9240: Starting 150 worker threads.
[Wed Jan 25 16:27:00 2017] [notice] Child 9240: Starting thread to listen on port 443.
[Wed Jan 25 16:27:00 2017] [notice] Child 9240: Starting thread to listen on port 443.
[Wed Jan 25 16:27:00 2017] [notice] Child 9240: Starting thread to listen on port 80.
[Wed Jan 25 16:27:00 2017] [notice] Child 9240: Starting thread to listen on port 80.
httpd.exe: Syntax error on line 35 of C:/PHP Projects/xampp/apache/conf/httpd.conf: ServerRoot must be a valid directory
httpd.exe: Syntax error on line 35 of C:/PHP Projects/xampp/apache/conf/httpd.conf: ServerRoot must be a valid directory
httpd.exe: Syntax error on line 35 of C:/PHP Projects/xampp/apache/conf/httpd.conf: ServerRoot must be a valid directory
httpd.exe: Syntax error on line 35 of C:/PHP Projects/xampp/apache/conf/httpd.conf: ServerRoot must be a valid directory
httpd.exe: Syntax error on line 35 of C:/PHP Projects/xampp/apache/conf/httpd.conf: ServerRoot must be a valid directory
httpd.exe: Syntax error on line 35 of C:/PHP Projects/xampp/apache/conf/httpd.conf: ServerRoot must be a valid directory
httpd.exe: Syntax error on line 35 of C:/PHP Projects/xampp/apache/conf/httpd.conf: ServerRoot must be a valid directory
httpd.exe: Syntax error on line 35 of C:/PHP Projects/xampp/apache/conf/httpd.conf: ServerRoot must be a valid directory
httpd.exe: Syntax error on line 35 of C:/PHP Projects/xampplight/apache/conf/httpd.conf: ServerRoot must be a valid directory
httpd.exe: Syntax error on line 35 of C:/PHP Projects/xampplight/apache/conf/httpd.conf: ServerRoot must be a valid directory
httpd.exe: Syntax error on line 35 of C:/PHP Projects/xampplight/apache/conf/httpd.conf: ServerRoot must be a valid directory
httpd.exe: Syntax error on line 35 of C:/PHP Projects/xampplight/apache/conf/httpd.conf: ServerRoot must be a valid directory
httpd.exe: Syntax error on line 35 of C:/PHP Projects/xampplight/apache/conf/httpd.conf: ServerRoot must be a valid directory
httpd.exe: Syntax error on line 35 of C:/PHP Projects/xampplight/apache/conf/httpd.conf: ServerRoot must be a valid directory
httpd.exe: Syntax error on line 35 of C:/PHP Projects/xampplight/apache/conf/httpd.conf: ServerRoot must be a valid directory
[Wed Jan 25 20:57:40 2017] [warn] pid file C:/PHP Projects/xampplight/apache/logs/httpd.pid overwritten -- Unclean shutdown of previous Apache run?
[Wed Jan 25 20:57:40 2017] [notice] Digest: generating secret for digest authentication ...
[Wed Jan 25 20:57:40 2017] [notice] Digest: done
[Wed Jan 25 20:57:43 2017] [notice] Apache/2.2.14 (Win32) DAV/2 mod_ssl/2.2.14 OpenSSL/0.9.8l mod_autoindex_color PHP/5.3.1 configured -- resuming normal operations
[Wed Jan 25 20:57:43 2017] [notice] Server built: Nov 11 2009 14:29:03
[Wed Jan 25 20:57:43 2017] [notice] Parent: Created child process 5444
[Wed Jan 25 20:57:43 2017] [notice] Digest: generating secret for digest authentication ...
[Wed Jan 25 20:57:43 2017] [notice] Digest: done
[Wed Jan 25 20:57:44 2017] [notice] Child 5444: Child process is running
[Wed Jan 25 20:57:44 2017] [notice] Child 5444: Acquired the start mutex.
[Wed Jan 25 20:57:44 2017] [notice] Child 5444: Starting 150 worker threads.
[Wed Jan 25 20:57:44 2017] [notice] Child 5444: Starting thread to listen on port 80.
[Wed Jan 25 20:57:44 2017] [notice] Child 5444: Starting thread to listen on port 443.
[Wed Jan 25 20:57:44 2017] [notice] Child 5444: Starting thread to listen on port 443.
[Wed Jan 25 20:57:44 2017] [notice] Child 5444: Starting thread to listen on port 80.
[Wed Jan 25 21:00:38 2017] [error] [client ::1] File does not exist: C:/PHP Projects/xampplight/htdocs/favicon.ico, referer: http://localhost/Webtech/coursework/Chapter02/myFirst.html
[Wed Jan 25 21:22:29 2017] [error] [client ::1] script 'C:/PHP Projects/xampplight/htdocs/Webtech/coursework/Chapter02/circle.php' not found or unable to stat, referer: http://localhost/Webtech/coursework/Chapter02/circle.html
[Wed Jan 25 21:35:26 2017] [notice] Parent: Received shutdown signal -- Shutting down the server.
[Wed Jan 25 21:35:26 2017] [notice] Child 5444: Exit event signaled. Child process is ending.
[Wed Jan 25 21:35:27 2017] [notice] Child 5444: Released the start mutex
[Wed Jan 25 21:35:28 2017] [notice] Child 5444: All worker threads have exited.
[Wed Jan 25 21:35:28 2017] [notice] Child 5444: Child process is exiting
[Wed Jan 25 21:35:28 2017] [notice] Parent: Child process exited successfully.
[Wed Jan 25 21:39:42 2017] [notice] Digest: generating secret for digest authentication ...
[Wed Jan 25 21:39:42 2017] [notice] Digest: done
[Wed Jan 25 21:39:42 2017] [notice] Apache/2.2.14 (Win32) DAV/2 mod_ssl/2.2.14 OpenSSL/0.9.8l mod_autoindex_color PHP/5.3.1 configured -- resuming normal operations
[Wed Jan 25 21:39:42 2017] [notice] Server built: Nov 11 2009 14:29:03
[Wed Jan 25 21:39:42 2017] [notice] Parent: Created child process 7784
[Wed Jan 25 21:39:42 2017] [notice] Digest: generating secret for digest authentication ...
[Wed Jan 25 21:39:42 2017] [notice] Digest: done
[Wed Jan 25 21:39:43 2017] [notice] Child 7784: Child process is running
[Wed Jan 25 21:39:43 2017] [notice] Child 7784: Acquired the start mutex.
[Wed Jan 25 21:39:43 2017] [notice] Child 7784: Starting 150 worker threads.
[Wed Jan 25 21:39:43 2017] [notice] Child 7784: Starting thread to listen on port 443.
[Wed Jan 25 21:39:43 2017] [notice] Child 7784: Starting thread to listen on port 443.
[Wed Jan 25 21:39:43 2017] [notice] Child 7784: Starting thread to listen on port 80.
[Wed Jan 25 21:39:43 2017] [notice] Child 7784: Starting thread to listen on port 80.
[Wed Jan 25 21:45:15 2017] [notice] Parent: Received shutdown signal -- Shutting down the server.
[Wed Jan 25 21:45:15 2017] [notice] Child 7784: Exit event signaled. Child process is ending.
[Wed Jan 25 21:45:16 2017] [notice] Child 7784: Released the start mutex
[Wed Jan 25 21:45:17 2017] [notice] Child 7784: All worker threads have exited.
[Wed Jan 25 21:45:17 2017] [notice] Child 7784: Child process is exiting
[Wed Jan 25 21:45:17 2017] [notice] Parent: Child process exited successfully.
[Tue Feb 07 23:49:21 2017] [notice] Digest: generating secret for digest authentication ...
[Tue Feb 07 23:49:21 2017] [notice] Digest: done
[Tue Feb 07 23:49:44 2017] [notice] Apache/2.2.14 (Win32) DAV/2 mod_ssl/2.2.14 OpenSSL/0.9.8l mod_autoindex_color PHP/5.3.1 configured -- resuming normal operations
[Tue Feb 07 23:49:44 2017] [notice] Server built: Nov 11 2009 14:29:03
[Tue Feb 07 23:49:44 2017] [notice] Parent: Created child process 13240
[Tue Feb 07 23:49:45 2017] [notice] Digest: generating secret for digest authentication ...
[Tue Feb 07 23:49:45 2017] [notice] Digest: done
[Tue Feb 07 23:49:46 2017] [notice] Child 13240: Child process is running
[Tue Feb 07 23:49:46 2017] [notice] Parent: Received shutdown signal -- Shutting down the server.
[Tue Feb 07 23:49:46 2017] [notice] Child 13240: Acquired the start mutex.
[Tue Feb 07 23:49:46 2017] [notice] Child 13240: Starting 150 worker threads.
[Tue Feb 07 23:49:46 2017] [notice] Child 13240: Exit event signaled. Child process is ending.
[Tue Feb 07 23:49:46 2017] [error] (OS 10038)An operation was attempted on something that is not a socket.  : winnt_accept: getsockname error on listening socket, is IPv6 available?
[Tue Feb 07 23:49:46 2017] [error] (OS 10038)An operation was attempted on something that is not a socket.  : winnt_accept: getsockname error on listening socket, is IPv6 available?
[Tue Feb 07 23:49:46 2017] [error] (OS 10038)An operation was attempted on something that is not a socket.  : winnt_accept: getsockname error on listening socket, is IPv6 available?
[Tue Feb 07 23:49:46 2017] [error] (OS 10038)An operation was attempted on something that is not a socket.  : winnt_accept: getsockname error on listening socket, is IPv6 available?
[Tue Feb 07 23:49:47 2017] [notice] Child 13240: Released the start mutex
[Tue Feb 07 23:49:48 2017] [notice] Child 13240: All worker threads have exited.
[Tue Feb 07 23:49:48 2017] [notice] Child 13240: Child process is exiting
[Tue Feb 07 23:49:48 2017] [notice] Parent: Child process exited successfully.
[Tue Feb 07 23:50:34 2017] [notice] Digest: generating secret for digest authentication ...
[Tue Feb 07 23:50:34 2017] [notice] Digest: done
[Tue Feb 07 23:50:34 2017] [notice] Apache/2.2.14 (Win32) DAV/2 mod_ssl/2.2.14 OpenSSL/0.9.8l mod_autoindex_color PHP/5.3.1 configured -- resuming normal operations
[Tue Feb 07 23:50:34 2017] [notice] Server built: Nov 11 2009 14:29:03
[Tue Feb 07 23:50:34 2017] [notice] Parent: Created child process 13104
[Tue Feb 07 23:50:35 2017] [notice] Digest: generating secret for digest authentication ...
[Tue Feb 07 23:50:35 2017] [notice] Digest: done
[Tue Feb 07 23:50:35 2017] [notice] Child 13104: Child process is running
[Tue Feb 07 23:50:35 2017] [notice] Child 13104: Acquired the start mutex.
[Tue Feb 07 23:50:35 2017] [notice] Child 13104: Starting 150 worker threads.
[Tue Feb 07 23:50:35 2017] [notice] Child 13104: Starting thread to listen on port 443.
[Tue Feb 07 23:50:35 2017] [notice] Child 13104: Starting thread to listen on port 443.
[Tue Feb 07 23:50:35 2017] [notice] Child 13104: Starting thread to listen on port 80.
[Tue Feb 07 23:50:35 2017] [notice] Child 13104: Starting thread to listen on port 80.
[Tue Feb 07 23:50:36 2017] [error] [client ::1] File does not exist: C:/CIS 115/xampplight/htdocs/favicon.ico, referer: http://localhost/Webtech/
[Wed Feb 08 00:03:00 2017] [error] [client ::1] script 'C:/CIS 115/xampplight/htdocs/Webtech/coursework/Chapter04/findTheSquare.php' not found or unable to stat, referer: http://localhost/Webtech/coursework/Chapter04/Modify2.html
[Wed Feb 08 00:14:38 2017] [error] [client ::1] script 'C:/CIS 115/xampplight/htdocs/Webtech/coursework/Chapter04/findTheSquare.php' not found or unable to stat, referer: http://localhost/Webtech/coursework/Chapter04/Modify5.html
[Wed Feb 08 00:34:49 2017] [error] [client ::1] File does not exist: C:/CIS 115/xampplight/htdocs/Webtech/coursework/Chapter04/dist
[Wed Feb 08 00:35:06 2017] [notice] Parent: Received shutdown signal -- Shutting down the server.
[Wed Feb 08 00:35:06 2017] [notice] Child 13104: Exit event signaled. Child process is ending.
[Wed Feb 08 00:35:07 2017] [notice] Child 13104: Released the start mutex
[Wed Feb 08 00:35:08 2017] [notice] Child 13104: All worker threads have exited.
[Wed Feb 08 00:35:08 2017] [notice] Child 13104: Child process is exiting
[Wed Feb 08 00:35:08 2017] [notice] Parent: Child process exited successfully.
[Wed Feb 08 00:35:12 2017] [notice] Digest: generating secret for digest authentication ...
[Wed Feb 08 00:35:12 2017] [notice] Digest: done
[Wed Feb 08 00:35:12 2017] [notice] Apache/2.2.14 (Win32) DAV/2 mod_ssl/2.2.14 OpenSSL/0.9.8l mod_autoindex_color PHP/5.3.1 configured -- resuming normal operations
[Wed Feb 08 00:35:12 2017] [notice] Server built: Nov 11 2009 14:29:03
[Wed Feb 08 00:35:12 2017] [notice] Parent: Created child process 18068
[Wed Feb 08 00:35:12 2017] [notice] Digest: generating secret for digest authentication ...
[Wed Feb 08 00:35:12 2017] [notice] Digest: done
[Wed Feb 08 00:35:13 2017] [notice] Child 18068: Child process is running
[Wed Feb 08 00:35:13 2017] [notice] Child 18068: Acquired the start mutex.
[Wed Feb 08 00:35:13 2017] [notice] Child 18068: Starting 150 worker threads.
[Wed Feb 08 00:35:13 2017] [notice] Child 18068: Starting thread to listen on port 443.
[Wed Feb 08 00:35:13 2017] [notice] Child 18068: Starting thread to listen on port 443.
[Wed Feb 08 00:35:13 2017] [notice] Child 18068: Starting thread to listen on port 80.
[Wed Feb 08 00:35:13 2017] [notice] Child 18068: Starting thread to listen on port 80.
[Wed Feb 08 00:38:32 2017] [error] [client ::1] script 'C:/CIS 115/xampplight/htdocs/Webtech/coursework/Chapter04/paintEstimate.php' not found or unable to stat, referer: http://localhost/Webtech/coursework/Chapter04/paintEstimate.html?
[Wed Feb 08 00:38:53 2017] [error] [client ::1] script 'C:/CIS 115/xampplight/htdocs/Webtech/coursework/Chapter04/paintEstimate.php' not found or unable to stat, referer: http://localhost/Webtech/coursework/Chapter04/paintEstimate.html?
[Wed Feb 08 00:41:29 2017] [error] [client ::1] File does not exist: C:/CIS 115/xampplight/htdocs/Webtech/coursework/Chapter04/dist
[Wed Feb 08 00:43:39 2017] [error] [client ::1] File does not exist: C:/CIS 115/xampplight/htdocs/Webtech/coursework/Chapter04/dist
[Wed Feb 08 01:35:23 2017] [notice] Parent: Received shutdown signal -- Shutting down the server.
[Wed Feb 08 01:35:23 2017] [notice] Child 18068: Exit event signaled. Child process is ending.
[Wed Feb 08 01:35:24 2017] [notice] Child 18068: Released the start mutex
[Wed Feb 08 01:35:25 2017] [notice] Child 18068: All worker threads have exited.
[Wed Feb 08 01:35:25 2017] [notice] Child 18068: Child process is exiting
[Wed Feb 08 01:35:25 2017] [notice] Parent: Child process exited successfully.
[Wed Feb 08 11:21:32 2017] [notice] Digest: generating secret for digest authentication ...
[Wed Feb 08 11:21:32 2017] [notice] Digest: done
[Wed Feb 08 11:21:33 2017] [notice] Apache/2.2.14 (Win32) DAV/2 mod_ssl/2.2.14 OpenSSL/0.9.8l mod_autoindex_color PHP/5.3.1 configured -- resuming normal operations
[Wed Feb 08 11:21:33 2017] [notice] Server built: Nov 11 2009 14:29:03
[Wed Feb 08 11:21:33 2017] [notice] Parent: Created child process 8596
[Wed Feb 08 11:21:33 2017] [notice] Digest: generating secret for digest authentication ...
[Wed Feb 08 11:21:33 2017] [notice] Digest: done
[Wed Feb 08 11:21:33 2017] [notice] Child 8596: Child process is running
[Wed Feb 08 11:21:33 2017] [notice] Child 8596: Acquired the start mutex.
[Wed Feb 08 11:21:33 2017] [notice] Child 8596: Starting 150 worker threads.
[Wed Feb 08 11:21:33 2017] [notice] Child 8596: Starting thread to listen on port 443.
[Wed Feb 08 11:21:33 2017] [notice] Child 8596: Starting thread to listen on port 443.
[Wed Feb 08 11:21:33 2017] [notice] Child 8596: Starting thread to listen on port 80.
[Wed Feb 08 11:21:33 2017] [notice] Child 8596: Starting thread to listen on port 80.
[Wed Feb 08 11:21:50 2017] [error] [client ::1] File does not exist: C:/CIS 115/xampplight/htdocs/favicon.ico, referer: http://localhost/Webtech/
[Wed Feb 08 11:33:39 2017] [error] [client ::1] script 'C:/CIS 115/xampplight/htdocs/Webtech/coursework/Chapter04/travel.php' not found or unable to stat, referer: http://localhost/Webtech/coursework/Chapter04/travel.html
[Wed Feb 08 11:41:47 2017] [error] [client ::1] File does not exist: C:/CIS 115/xampplight/htdocs/Webtech/coursework/Chapter04/dist
[Wed Feb 08 11:42:32 2017] [error] [client ::1] File does not exist: C:/CIS 115/xampplight/htdocs/Webtech/coursework/Chapter04/dist
[Wed Feb 08 11:43:03 2017] [error] [client ::1] File does not exist: C:/CIS 115/xampplight/htdocs/Webtech/coursework/Chapter04/dist
[Wed Feb 08 11:44:51 2017] [error] [client ::1] File does not exist: C:/CIS 115/xampplight/htdocs/Webtech/coursework/Chapter04/dist
[Wed Feb 08 11:46:12 2017] [error] [client ::1] File does not exist: C:/CIS 115/xampplight/htdocs/Webtech/coursework/Chapter04/dist
[Wed Feb 08 11:46:58 2017] [error] [client ::1] File does not exist: C:/CIS 115/xampplight/htdocs/Webtech/coursework/Chapter04/dist
[Wed Feb 08 11:52:47 2017] [error] [client ::1] File does not exist: C:/CIS 115/xampplight/htdocs/Webtech/coursework/Chapter04/dist
[Wed Feb 08 11:53:11 2017] [error] [client ::1] File does not exist: C:/CIS 115/xampplight/htdocs/Webtech/coursework/Chapter04/dist
[Wed Feb 08 11:54:12 2017] [error] [client ::1] File does not exist: C:/CIS 115/xampplight/htdocs/Webtech/coursework/Chapter04/dist
[Wed Feb 08 11:55:00 2017] [error] [client ::1] File does not exist: C:/CIS 115/xampplight/htdocs/Webtech/coursework/Chapter04/dist
[Wed Feb 08 11:56:04 2017] [error] [client ::1] File does not exist: C:/CIS 115/xampplight/htdocs/Webtech/coursework/Chapter04/dist
[Wed Feb 08 11:56:47 2017] [notice] Parent: Received shutdown signal -- Shutting down the server.
[Wed Feb 08 11:56:47 2017] [notice] Child 8596: Exit event signaled. Child process is ending.
[Wed Feb 08 11:56:48 2017] [notice] Child 8596: Released the start mutex
[Wed Feb 08 11:56:49 2017] [notice] Child 8596: All worker threads have exited.
[Wed Feb 08 11:56:49 2017] [notice] Child 8596: Child process is exiting
[Wed Feb 08 11:56:50 2017] [notice] Parent: Child process exited successfully.
(OS 10048)Only one usage of each socket address (protocol/network address/port) is normally permitted.  : make_sock: could not bind to address [::]:80
(OS 10048)Only one usage of each socket address (protocol/network address/port) is normally permitted.  : make_sock: could not bind to address 0.0.0.0:80
no listening sockets available, shutting down
Unable to open logs
(OS 10048)Only one usage of each socket address (protocol/network address/port) is normally permitted.  : make_sock: could not bind to address [::]:80
(OS 10048)Only one usage of each socket address (protocol/network address/port) is normally permitted.  : make_sock: could not bind to address 0.0.0.0:80
no listening sockets available, shutting down
Unable to open logs
[Wed Feb 08 11:56:52 2017] [notice] Digest: generating secret for digest authentication ...
[Wed Feb 08 11:56:52 2017] [notice] Digest: done
[Wed Feb 08 11:56:52 2017] [notice] Apache/2.2.14 (Win32) DAV/2 mod_ssl/2.2.14 OpenSSL/0.9.8l mod_autoindex_color PHP/5.3.1 configured -- resuming normal operations
[Wed Feb 08 11:56:52 2017] [notice] Server built: Nov 11 2009 14:29:03
[Wed Feb 08 11:56:52 2017] [notice] Parent: Created child process 13508
[Wed Feb 08 11:56:52 2017] [notice] Digest: generating secret for digest authentication ...
[Wed Feb 08 11:56:52 2017] [notice] Digest: done
[Wed Feb 08 11:56:53 2017] [notice] Child 13508: Child process is running
[Wed Feb 08 11:56:53 2017] [notice] Child 13508: Acquired the start mutex.
[Wed Feb 08 11:56:53 2017] [notice] Child 13508: Starting 150 worker threads.
[Wed Feb 08 11:56:53 2017] [notice] Child 13508: Starting thread to listen on port 80.
[Wed Feb 08 11:56:53 2017] [notice] Child 13508: Starting thread to listen on port 443.
[Wed Feb 08 11:56:53 2017] [notice] Child 13508: Starting thread to listen on port 443.
[Wed Feb 08 11:56:53 2017] [notice] Child 13508: Starting thread to listen on port 80.
[Wed Feb 08 11:56:55 2017] [notice] Parent: Received shutdown signal -- Shutting down the server.
[Wed Feb 08 11:56:55 2017] [notice] Child 13508: Exit event signaled. Child process is ending.
[Wed Feb 08 11:56:56 2017] [notice] Child 13508: Released the start mutex
[Wed Feb 08 11:56:57 2017] [notice] Child 13508: All worker threads have exited.
[Wed Feb 08 11:56:57 2017] [notice] Child 13508: Child process is exiting
[Wed Feb 08 11:56:57 2017] [notice] Parent: Child process exited successfully.
[Wed Feb 08 12:03:43 2017] [notice] Digest: generating secret for digest authentication ...
[Wed Feb 08 12:03:43 2017] [notice] Digest: done
[Wed Feb 08 12:03:44 2017] [notice] Apache/2.2.14 (Win32) DAV/2 mod_ssl/2.2.14 OpenSSL/0.9.8l mod_autoindex_color PHP/5.3.1 configured -- resuming normal operations
[Wed Feb 08 12:03:44 2017] [notice] Server built: Nov 11 2009 14:29:03
[Wed Feb 08 12:03:44 2017] [notice] Parent: Created child process 5072
[Wed Feb 08 12:03:44 2017] [notice] Digest: generating secret for digest authentication ...
[Wed Feb 08 12:03:44 2017] [notice] Digest: done
[Wed Feb 08 12:03:44 2017] [notice] Child 5072: Child process is running
[Wed Feb 08 12:03:44 2017] [notice] Child 5072: Acquired the start mutex.
[Wed Feb 08 12:03:44 2017] [notice] Child 5072: Starting 150 worker threads.
[Wed Feb 08 12:03:44 2017] [notice] Child 5072: Starting thread to listen on port 443.
[Wed Feb 08 12:03:44 2017] [notice] Child 5072: Starting thread to listen on port 443.
[Wed Feb 08 12:03:44 2017] [notice] Child 5072: Starting thread to listen on port 80.
[Wed Feb 08 12:03:44 2017] [notice] Child 5072: Starting thread to listen on port 80.
[Wed Feb 08 12:03:48 2017] [error] [client ::1] File does not exist: C:/CIS 115/xampplight/htdocs/favicon.ico, referer: http://localhost/Webtech/coursework/Chapter04/gameIntro.html
[Wed Feb 08 12:11:26 2017] [error] [client ::1] script 'C:/CIS 115/xampplight/htdocs/Webtech/coursework/Chapter04/gameIntro.php' not found or unable to stat, referer: http://localhost/Webtech/coursework/Chapter04/gameIntro.html
[Wed Feb 08 12:11:29 2017] [error] [client ::1] script 'C:/CIS 115/xampplight/htdocs/Webtech/coursework/Chapter04/gameIntro.php' not found or unable to stat, referer: http://localhost/Webtech/coursework/Chapter04/gameIntro.html
